[20:08:53.323][info] [#0:C:\Users\limshenjie\AppData\Local\nvim-data\mason\packages\lua-language-server\extension\server\main.lua:65]: Lua Lsp startup, root: 	C:/Users/limshenjie/AppData/Local/nvim-data/mason/packages/lua-language-server/extension/server
[20:08:53.323][info] [#0:C:\Users\limshenjie\AppData\Local\nvim-data\mason\packages\lua-language-server\extension\server\main.lua:66]: ROOT:	C:/Users/limshenjie/AppData/Local/nvim-data/mason/packages/lua-language-server/extension/server
[20:08:53.323][info] [#0:C:\Users\limshenjie\AppData\Local\nvim-data\mason\packages\lua-language-server\extension\server\main.lua:67]: LOGPATH:	C:/Users/limshenjie/AppData/Local/nvim-data/mason/packages/lua-language-server/extension/server/log
[20:08:53.323][info] [#0:C:\Users\limshenjie\AppData\Local\nvim-data\mason\packages\lua-language-server\extension\server\main.lua:68]: METAPATH:	C:/Users/limshenjie/AppData/Local/nvim-data/mason/packages/lua-language-server/extension/server/meta
[20:08:53.323][info] [#0:C:\Users\limshenjie\AppData\Local\nvim-data\mason\packages\lua-language-server\extension\server\main.lua:69]: VERSION:	3.5.6
[20:08:53.620][info] [#0:script\service\service.lua:141]: 
========= Medical Examination Report =========
    --------------- Memory ---------------
        Total: 1.413 MB
        # 00 : 1.413 MB
        # 01 : 0.000 MB
        # 02 : 0.000 MB
        # 03 : 0.000 MB
        # 04 : 0.000 MB
    --------------- Coroutine ---------------
        Total:     0
        Running:   0
        Suspended: 0
        Normal:    0
        Dead:      0
    --------------- Cache ---------------
        Total: 1
        Dead:  0
    ---------------  RPC  ---------------
        Holdon:   0
        Waiting:  0
==============================================
[20:08:53.667][info] [#0:script\language.lua:137]: VSC language: nil
[20:08:53.667][info] [#0:script\language.lua:138]: LS  language: en-us
[20:08:53.667][info] [#0:script\workspace\workspace.lua:38]: Workspace init root: 	file:///C:/Users/limshenjie/AppData/Local/nvim
[20:08:53.667][info] [#0:script\workspace\workspace.lua:42]: Log path: 	C:/Users/limshenjie/AppData/Local/nvim-data/mason/packages/lua-language-server/extension/server/log/file_C_Users_limshenjie_AppData_Local_nvim.log
[20:08:53.683][info] [#0:script\workspace\workspace.lua:51]: Workspace create: 	file:///c%3A/Users/limshenjie/AppData/Local/nvim
[20:08:53.698][info] [#0:script\provider\provider.lua:41]: Load config from client	file:///c%3A/Users/limshenjie/AppData/Local/nvim
[20:08:53.698][info] [#0:script\provider\provider.lua:42]: {
  Lua = {
    diagnostics = {
      globals = { "vim" }
    },
    runtime = {
      version = "LuaJIT"
    },
    telemetry = {
      enable = false
    },
    workspace = {
      library = { "C:\\Users\\limshenjie\\AppData\\Local\\nvim", "C:\\Users\\limshenjie\\AppData\\Local\\nvim\\plugged\\vim", "C:\\Users\\limshenjie\\AppData\\Local\\nvim\\plugged\\nerdcommenter", "C:\\Users\\limshenjie\\AppData\\Local\\nvim\\plugged\\plenary.nvim", "C:\\Users\\limshenjie\\AppData\\Local\\nvim\\plugged\\vim-fugitive", "C:\\Users\\limshenjie\\AppData\\Local\\nvim\\plugged\\nerdtree", "C:\\Users\\limshenjie\\AppData\\Local\\nvim\\plugged\\lualine.nvim", "C:\\Users\\limshenjie\\AppData\\Local\\nvim\\plugged\\fzf", "C:\\Users\\limshenjie\\AppData\\Local\\nvim\\plugged\\fzf.vim", "C:\\Users\\limshenjie\\AppData\\Local\\nvim\\plugged\\vim-devicons", "C:\\Users\\limshenjie\\AppData\\Local\\nvim\\plugged\\gruvbox", "C:\\Users\\limshenjie\\AppData\\Local\\nvim\\plugged\\impatient.nvim", "C:\\Users\\limshenjie\\AppData\\Local\\nvim\\plugged\\mason.nvim", "C:\\Users\\limshenjie\\AppData\\Local\\nvim\\plugged\\mason-lspconfig.nvim", "C:\\Users\\limshenjie\\AppData\\Local\\nvim\\plugged\\nvim-lspconfig", "C:\\tools\\neovim\\nvim-win64\\share\\nvim\\runtime", "C:\\tools\\neovim\\nvim-win64\\lib\\nvim", "C:\\Users\\limshenjie\\AppData\\Local\\nvim\\plugged\\vim\\after", "C:\\Users\\limshenjie\\AppData\\Local\\nvim\\after" }
    }
  }
}
[20:08:53.698][info] [#0:script\provider\provider.lua:41]: Load config from client	file:///c%3A/Users/limshenjie/AppData/Local/nvim
[20:08:53.698][info] [#0:script\provider\provider.lua:42]: {
  Lua = {
    diagnostics = {
      globals = { "vim" }
    },
    runtime = {
      version = "LuaJIT"
    },
    telemetry = {
      enable = false
    },
    workspace = {
      library = { "C:\\Users\\limshenjie\\AppData\\Local\\nvim", "C:\\Users\\limshenjie\\AppData\\Local\\nvim\\plugged\\vim", "C:\\Users\\limshenjie\\AppData\\Local\\nvim\\plugged\\nerdcommenter", "C:\\Users\\limshenjie\\AppData\\Local\\nvim\\plugged\\plenary.nvim", "C:\\Users\\limshenjie\\AppData\\Local\\nvim\\plugged\\vim-fugitive", "C:\\Users\\limshenjie\\AppData\\Local\\nvim\\plugged\\nerdtree", "C:\\Users\\limshenjie\\AppData\\Local\\nvim\\plugged\\lualine.nvim", "C:\\Users\\limshenjie\\AppData\\Local\\nvim\\plugged\\fzf", "C:\\Users\\limshenjie\\AppData\\Local\\nvim\\plugged\\fzf.vim", "C:\\Users\\limshenjie\\AppData\\Local\\nvim\\plugged\\vim-devicons", "C:\\Users\\limshenjie\\AppData\\Local\\nvim\\plugged\\gruvbox", "C:\\Users\\limshenjie\\AppData\\Local\\nvim\\plugged\\impatient.nvim", "C:\\Users\\limshenjie\\AppData\\Local\\nvim\\plugged\\mason.nvim", "C:\\Users\\limshenjie\\AppData\\Local\\nvim\\plugged\\mason-lspconfig.nvim", "C:\\Users\\limshenjie\\AppData\\Local\\nvim\\plugged\\nvim-lspconfig", "C:\\tools\\neovim\\nvim-win64\\share\\nvim\\runtime", "C:\\tools\\neovim\\nvim-win64\\lib\\nvim", "C:\\Users\\limshenjie\\AppData\\Local\\nvim\\plugged\\vim\\after", "C:\\Users\\limshenjie\\AppData\\Local\\nvim\\after" }
    }
  }
}
[20:08:53.698][info] [#0:script\provider\provider.lua:41]: Load config from client	file:///c%3A/Users/limshenjie/AppData/Local/nvim
[20:08:53.698][info] [#0:script\provider\provider.lua:42]: {
  Lua = {
    diagnostics = {
      globals = { "vim" }
    },
    runtime = {
      version = "LuaJIT"
    },
    telemetry = {
      enable = false
    },
    workspace = {
      library = { "C:\\Users\\limshenjie\\AppData\\Local\\nvim", "C:\\Users\\limshenjie\\AppData\\Local\\nvim\\plugged\\vim", "C:\\Users\\limshenjie\\AppData\\Local\\nvim\\plugged\\nerdcommenter", "C:\\Users\\limshenjie\\AppData\\Local\\nvim\\plugged\\plenary.nvim", "C:\\Users\\limshenjie\\AppData\\Local\\nvim\\plugged\\vim-fugitive", "C:\\Users\\limshenjie\\AppData\\Local\\nvim\\plugged\\nerdtree", "C:\\Users\\limshenjie\\AppData\\Local\\nvim\\plugged\\lualine.nvim", "C:\\Users\\limshenjie\\AppData\\Local\\nvim\\plugged\\fzf", "C:\\Users\\limshenjie\\AppData\\Local\\nvim\\plugged\\fzf.vim", "C:\\Users\\limshenjie\\AppData\\Local\\nvim\\plugged\\vim-devicons", "C:\\Users\\limshenjie\\AppData\\Local\\nvim\\plugged\\gruvbox", "C:\\Users\\limshenjie\\AppData\\Local\\nvim\\plugged\\impatient.nvim", "C:\\Users\\limshenjie\\AppData\\Local\\nvim\\plugged\\mason.nvim", "C:\\Users\\limshenjie\\AppData\\Local\\nvim\\plugged\\mason-lspconfig.nvim", "C:\\Users\\limshenjie\\AppData\\Local\\nvim\\plugged\\nvim-lspconfig", "C:\\tools\\neovim\\nvim-win64\\share\\nvim\\runtime", "C:\\tools\\neovim\\nvim-win64\\lib\\nvim", "C:\\Users\\limshenjie\\AppData\\Local\\nvim\\plugged\\vim\\after", "C:\\Users\\limshenjie\\AppData\\Local\\nvim\\after" }
    }
  }
}
[20:08:53.698][info] [#0:script\provider\provider.lua:56]: Load config from client	fallback
[20:08:53.698][info] [#0:script\provider\provider.lua:57]: {
  Lua = {
    diagnostics = {
      globals = { "vim" }
    },
    runtime = {
      version = "LuaJIT"
    },
    telemetry = {
      enable = false
    },
    workspace = {
      library = { "C:\\Users\\limshenjie\\AppData\\Local\\nvim", "C:\\Users\\limshenjie\\AppData\\Local\\nvim\\plugged\\vim", "C:\\Users\\limshenjie\\AppData\\Local\\nvim\\plugged\\nerdcommenter", "C:\\Users\\limshenjie\\AppData\\Local\\nvim\\plugged\\plenary.nvim", "C:\\Users\\limshenjie\\AppData\\Local\\nvim\\plugged\\vim-fugitive", "C:\\Users\\limshenjie\\AppData\\Local\\nvim\\plugged\\nerdtree", "C:\\Users\\limshenjie\\AppData\\Local\\nvim\\plugged\\lualine.nvim", "C:\\Users\\limshenjie\\AppData\\Local\\nvim\\plugged\\fzf", "C:\\Users\\limshenjie\\AppData\\Local\\nvim\\plugged\\fzf.vim", "C:\\Users\\limshenjie\\AppData\\Local\\nvim\\plugged\\vim-devicons", "C:\\Users\\limshenjie\\AppData\\Local\\nvim\\plugged\\gruvbox", "C:\\Users\\limshenjie\\AppData\\Local\\nvim\\plugged\\impatient.nvim", "C:\\Users\\limshenjie\\AppData\\Local\\nvim\\plugged\\mason.nvim", "C:\\Users\\limshenjie\\AppData\\Local\\nvim\\plugged\\mason-lspconfig.nvim", "C:\\Users\\limshenjie\\AppData\\Local\\nvim\\plugged\\nvim-lspconfig", "C:\\tools\\neovim\\nvim-win64\\share\\nvim\\runtime", "C:\\tools\\neovim\\nvim-win64\\lib\\nvim", "C:\\Users\\limshenjie\\AppData\\Local\\nvim\\plugged\\vim\\after", "C:\\Users\\limshenjie\\AppData\\Local\\nvim\\after" }
    }
  }
}
[20:08:53.698][info] [#0:script\library.lua:207]: Init builtin library at:	file:///c%3A/Users/limshenjie/AppData/Local/nvim
[20:08:53.855][info] [#0:script\plugin.lua:86]: plugin path:	C:\Users\limshenjie\AppData\Local\nvim
[20:08:53.855][warn] [#0:script\plugin.lua:101]: plugin not found:	C:\Users\limshenjie\AppData\Local\nvim
[20:08:53.855][info] [#0:script\library.lua:207]: Init builtin library at:	nil
[20:08:53.886][info] [#0:script\provider\provider.lua:56]: Load config from client	fallback
[20:08:53.886][info] [#0:script\provider\provider.lua:57]: {
  Lua = {
    diagnostics = {
      globals = { "vim" }
    },
    runtime = {
      version = "LuaJIT"
    },
    telemetry = {
      enable = false
    },
    workspace = {
      library = { "C:\\Users\\limshenjie\\AppData\\Local\\nvim", "C:\\Users\\limshenjie\\AppData\\Local\\nvim\\plugged\\vim", "C:\\Users\\limshenjie\\AppData\\Local\\nvim\\plugged\\nerdcommenter", "C:\\Users\\limshenjie\\AppData\\Local\\nvim\\plugged\\plenary.nvim", "C:\\Users\\limshenjie\\AppData\\Local\\nvim\\plugged\\vim-fugitive", "C:\\Users\\limshenjie\\AppData\\Local\\nvim\\plugged\\nerdtree", "C:\\Users\\limshenjie\\AppData\\Local\\nvim\\plugged\\lualine.nvim", "C:\\Users\\limshenjie\\AppData\\Local\\nvim\\plugged\\fzf", "C:\\Users\\limshenjie\\AppData\\Local\\nvim\\plugged\\fzf.vim", "C:\\Users\\limshenjie\\AppData\\Local\\nvim\\plugged\\vim-devicons", "C:\\Users\\limshenjie\\AppData\\Local\\nvim\\plugged\\gruvbox", "C:\\Users\\limshenjie\\AppData\\Local\\nvim\\plugged\\impatient.nvim", "C:\\Users\\limshenjie\\AppData\\Local\\nvim\\plugged\\mason.nvim", "C:\\Users\\limshenjie\\AppData\\Local\\nvim\\plugged\\mason-lspconfig.nvim", "C:\\Users\\limshenjie\\AppData\\Local\\nvim\\plugged\\nvim-lspconfig", "C:\\tools\\neovim\\nvim-win64\\share\\nvim\\runtime", "C:\\tools\\neovim\\nvim-win64\\lib\\nvim", "C:\\Users\\limshenjie\\AppData\\Local\\nvim\\plugged\\vim\\after", "C:\\Users\\limshenjie\\AppData\\Local\\nvim\\after" }
    }
  }
}
[20:08:53.886][info] [#0:script\provider\provider.lua:56]: Load config from client	fallback
[20:08:53.886][info] [#0:script\provider\provider.lua:57]: {
  Lua = {
    diagnostics = {
      globals = { "vim" }
    },
    runtime = {
      version = "LuaJIT"
    },
    telemetry = {
      enable = false
    },
    workspace = {
      library = { "C:\\Users\\limshenjie\\AppData\\Local\\nvim", "C:\\Users\\limshenjie\\AppData\\Local\\nvim\\plugged\\vim", "C:\\Users\\limshenjie\\AppData\\Local\\nvim\\plugged\\nerdcommenter", "C:\\Users\\limshenjie\\AppData\\Local\\nvim\\plugged\\plenary.nvim", "C:\\Users\\limshenjie\\AppData\\Local\\nvim\\plugged\\vim-fugitive", "C:\\Users\\limshenjie\\AppData\\Local\\nvim\\plugged\\nerdtree", "C:\\Users\\limshenjie\\AppData\\Local\\nvim\\plugged\\lualine.nvim", "C:\\Users\\limshenjie\\AppData\\Local\\nvim\\plugged\\fzf", "C:\\Users\\limshenjie\\AppData\\Local\\nvim\\plugged\\fzf.vim", "C:\\Users\\limshenjie\\AppData\\Local\\nvim\\plugged\\vim-devicons", "C:\\Users\\limshenjie\\AppData\\Local\\nvim\\plugged\\gruvbox", "C:\\Users\\limshenjie\\AppData\\Local\\nvim\\plugged\\impatient.nvim", "C:\\Users\\limshenjie\\AppData\\Local\\nvim\\plugged\\mason.nvim", "C:\\Users\\limshenjie\\AppData\\Local\\nvim\\plugged\\mason-lspconfig.nvim", "C:\\Users\\limshenjie\\AppData\\Local\\nvim\\plugged\\nvim-lspconfig", "C:\\tools\\neovim\\nvim-win64\\share\\nvim\\runtime", "C:\\tools\\neovim\\nvim-win64\\lib\\nvim", "C:\\Users\\limshenjie\\AppData\\Local\\nvim\\plugged\\vim\\after", "C:\\Users\\limshenjie\\AppData\\Local\\nvim\\after" }
    }
  }
}
[20:08:53.886][info] [#0:script\workspace\workspace.lua:305]: Preload start:	file:///c%3A/Users/limshenjie/AppData/Local/nvim
[20:08:53.886][info] [#0:script\workspace\workspace.lua:311]: Scan files at:	file:///c%3A/Users/limshenjie/AppData/Local/nvim
[20:08:53.886][info] [#0:script\workspace\workspace.lua:305]: Preload start:	<fallback>
[20:08:53.901][info] [#0:script\workspace\workspace.lua:328]: Scan library at:	file:///c%3A/Users/limshenjie/AppData/Local/nvim/plugged/lualine.nvim
[20:08:53.995][info] [#0:script\workspace\workspace.lua:328]: Scan library at:	file:///c%3A/Users/limshenjie/AppData/Local/nvim/plugged/plenary.nvim
[20:08:54.105][info] [#0:script\workspace\workspace.lua:328]: Scan library at:	file:///c%3A/Users/limshenjie/AppData/Local/nvim/plugged/fzf.vim
[20:08:54.183][info] [#0:script\workspace\workspace.lua:328]: Scan library at:	file:///c%3A/Users/limshenjie/AppData/Local/nvim/plugged/nerdcommenter
[20:08:54.214][info] [#0:script\workspace\workspace.lua:328]: Scan library at:	file:///c%3A/tools/neovim/nvim-win64/share/nvim/runtime
[20:08:55.073][info] [#0:script\workspace\workspace.lua:328]: Scan library at:	file:///c%3A/Users/limshenjie/AppData/Local/nvim/plugged/lualine.nvim
[20:08:55.136][info] [#0:script\workspace\workspace.lua:328]: Scan library at:	file:///c%3A/Users/limshenjie/AppData/Local/nvim/plugged/plenary.nvim
[20:08:55.198][info] [#0:script\workspace\workspace.lua:328]: Scan library at:	file:///c%3A/Users/limshenjie/AppData/Local/nvim/plugged/nvim-lspconfig
[20:08:55.230][info] [#0:script\workspace\workspace.lua:328]: Scan library at:	file:///c%3A/Users/limshenjie/AppData/Local/nvim/plugged/fzf.vim
[20:08:55.261][info] [#0:script\workspace\workspace.lua:328]: Scan library at:	file:///c%3A/Users/limshenjie/AppData/Local/nvim/plugged/nerdcommenter
[20:08:55.276][info] [#0:script\workspace\workspace.lua:328]: Scan library at:	file:///c%3A/tools/neovim/nvim-win64/share/nvim/runtime
[20:08:55.308][info] [#0:script\workspace\workspace.lua:328]: Scan library at:	file:///c%3A/tools/neovim/nvim-win64/lib/nvim
[20:08:55.308][info] [#0:script\workspace\workspace.lua:328]: Scan library at:	file:///c%3A/Users/limshenjie/AppData/Local/nvim/plugged/nerdtree
[20:08:55.339][info] [#0:script\workspace\workspace.lua:328]: Scan library at:	file:///c%3A/Users/limshenjie/AppData/Local/nvim/plugged/vim-fugitive
[20:08:55.355][info] [#0:script\workspace\workspace.lua:328]: Scan library at:	file:///c%3A/Users/limshenjie/AppData/Local/nvim/plugged/vim
[20:08:55.386][info] [#0:script\workspace\workspace.lua:328]: Scan library at:	file:///c%3A/Users/limshenjie/AppData/Local/nvim-data/mason/packages/lua-language-server/extension/server/meta/LuaJIT%20en-us%20utf8
[20:08:55.386][info] [#0:script\workspace\workspace.lua:328]: Scan library at:	file:///c%3A/Users/limshenjie/AppData/Local/nvim/plugged/impatient.nvim
[20:08:55.433][info] [#0:script\workspace\workspace.lua:328]: Scan library at:	file:///c%3A/Users/limshenjie/AppData/Local/nvim/plugged/mason-lspconfig.nvim
[20:08:55.480][info] [#0:script\workspace\workspace.lua:328]: Scan library at:	file:///c%3A/Users/limshenjie/AppData/Local/nvim/after
[20:08:55.480][info] [#0:script\workspace\workspace.lua:328]: Scan library at:	file:///c%3A/Users/limshenjie/AppData/Local/nvim/plugged/vim/after
[20:08:55.480][info] [#0:script\workspace\workspace.lua:328]: Scan library at:	file:///c%3A/Users/limshenjie/AppData/Local/nvim/plugged/mason.nvim
[20:08:55.698][info] [#0:script\workspace\workspace.lua:328]: Scan library at:	file:///c%3A/Users/limshenjie/AppData/Local/nvim/plugged/fzf
[20:08:55.745][info] [#0:script\workspace\workspace.lua:328]: Scan library at:	file:///c%3A/Users/limshenjie/AppData/Local/nvim/plugged/vim-devicons
[20:08:55.761][info] [#0:script\workspace\workspace.lua:328]: Scan library at:	file:///c%3A/Users/limshenjie/AppData/Local/nvim/plugged/gruvbox
[20:08:55.808][info] [#0:script\workspace\workspace.lua:328]: Scan library at:	file:///c%3A/Users/limshenjie/AppData/Local/nvim
[20:08:55.995][info] [#0:script\workspace\workspace.lua:328]: Scan library at:	file:///c%3A/Users/limshenjie/AppData/Local/nvim/plugged/nvim-lspconfig
[20:08:56.105][info] [#0:script\workspace\workspace.lua:328]: Scan library at:	file:///c%3A/tools/neovim/nvim-win64/lib/nvim
[20:08:56.105][info] [#0:script\workspace\workspace.lua:328]: Scan library at:	file:///c%3A/Users/limshenjie/AppData/Local/nvim/plugged/nerdtree
[20:08:56.136][info] [#0:script\workspace\workspace.lua:328]: Scan library at:	file:///c%3A/Users/limshenjie/AppData/Local/nvim/plugged/vim-fugitive
[20:08:56.167][info] [#0:script\workspace\workspace.lua:328]: Scan library at:	file:///c%3A/Users/limshenjie/AppData/Local/nvim/plugged/vim
[20:08:56.198][info] [#0:script\workspace\workspace.lua:328]: Scan library at:	file:///c%3A/Users/limshenjie/AppData/Local/nvim-data/mason/packages/lua-language-server/extension/server/meta/LuaJIT%20en-us%20utf8
[20:08:56.214][info] [#0:script\workspace\workspace.lua:328]: Scan library at:	file:///c%3A/Users/limshenjie/AppData/Local/nvim/plugged/impatient.nvim
[20:08:56.261][info] [#0:script\workspace\workspace.lua:328]: Scan library at:	file:///c%3A/Users/limshenjie/AppData/Local/nvim/plugged/mason-lspconfig.nvim
[20:08:56.323][info] [#0:script\workspace\workspace.lua:328]: Scan library at:	file:///c%3A/Users/limshenjie/AppData/Local/nvim/after
[20:08:56.323][info] [#0:script\workspace\workspace.lua:328]: Scan library at:	file:///c%3A/Users/limshenjie/AppData/Local/nvim/plugged/vim/after
[20:08:56.339][info] [#0:script\workspace\workspace.lua:328]: Scan library at:	file:///c%3A/Users/limshenjie/AppData/Local/nvim/plugged/mason.nvim
[20:08:56.589][info] [#0:script\workspace\workspace.lua:328]: Scan library at:	file:///c%3A/Users/limshenjie/AppData/Local/nvim/plugged/fzf
[20:08:56.651][info] [#0:script\workspace\workspace.lua:328]: Scan library at:	file:///c%3A/Users/limshenjie/AppData/Local/nvim/plugged/vim-devicons
[20:08:56.667][info] [#0:script\workspace\workspace.lua:328]: Scan library at:	file:///c%3A/Users/limshenjie/AppData/Local/nvim/plugged/gruvbox
[20:08:56.730][info] [#0:script\workspace\workspace.lua:328]: Scan library at:	file:///c%3A/Users/limshenjie/AppData/Local/nvim
[20:08:57.214][info] [#0:script\workspace\workspace.lua:348]: Found 1791 files at:	<fallback>
[20:08:57.214][info] [#0:script\workspace\loading.lua:153]: Load files from disk:	<fallback>
[20:08:57.214][info] [#0:script\workspace\workspace.lua:348]: Found 2657 files at:	file:///c%3A/Users/limshenjie/AppData/Local/nvim
[20:08:57.214][info] [#0:script\workspace\loading.lua:153]: Load files from disk:	file:///c%3A/Users/limshenjie/AppData/Local/nvim
[20:09:01.745][info] [#0:script\workspace\loading.lua:165]: Loaded files takes [4.541] sec: <fallback>
[20:09:01.745][info] [#0:script\workspace\loading.lua:174]: Compile files takes [0.000] sec: <fallback>
[20:09:01.745][info] [#0:script\workspace\loading.lua:175]: Loaded finish:	<fallback>
[20:09:01.745][info] [#0:script\workspace\workspace.lua:350]: Preload finish at:	<fallback>
[20:09:01.855][info] [#0:script\workspace\loading.lua:165]: Loaded files takes [4.648] sec: file:///c%3A/Users/limshenjie/AppData/Local/nvim
[20:09:01.855][info] [#0:script\workspace\loading.lua:174]: Compile files takes [0.000] sec: file:///c%3A/Users/limshenjie/AppData/Local/nvim
[20:09:01.855][info] [#0:script\workspace\loading.lua:175]: Loaded finish:	file:///c%3A/Users/limshenjie/AppData/Local/nvim
[20:09:01.855][info] [#0:script\workspace\workspace.lua:350]: Preload finish at:	file:///c%3A/Users/limshenjie/AppData/Local/nvim
[20:09:02.183][warn] [#0:script\proto\proto.lua:122]: Response of [workspace/diagnostic/refresh] error [-32601]: MethodNotFound
[20:09:02.183][warn] [#0:script\proto\proto.lua:122]: Response of [workspace/diagnostic/refresh] error [-32601]: MethodNotFound
[20:09:03.776][info] [#0:script\provider\diagnostic.lua:486]: Diagnostics scope [<fallback>], files count:[924]
[20:09:03.776][info] [#0:script\provider\diagnostic.lua:486]: Diagnostics scope [file:///c%3A/Users/limshenjie/AppData/Local/nvim], files count:[924]
[20:09:18.042][info] [#0:script\provider\diagnostic.lua:503]: Diagnostics scope [<fallback>] finished, takes [14.275] sec.
[20:09:18.042][info] [#0:script\provider\diagnostic.lua:503]: Diagnostics scope [file:///c%3A/Users/limshenjie/AppData/Local/nvim] finished, takes [14.274] sec.
[20:12:01.167][warn] [#0:script\pub\report.lua:25]: Load proto error:	Disconnected!
